
/home/runner/work/exp-velocity-stream-iitb/exp-velocity-stream-iitb/experiment/simulation/common_libraries/js/ts_components/collapse_step.js
   1:10  warning  'show_step' is defined but never used                 no-unused-vars
   2:5   warning  '$' is not defined                                    no-undef
   3:9   warning  '$' is not defined                                    no-undef
   6:10  warning  'hide_step' is defined but never used                 no-unused-vars
   7:5   warning  '$' is not defined                                    no-undef
   8:9   warning  '$' is not defined                                    no-undef
  11:10  warning  'get_collapse_btn_text' is defined but never used     no-unused-vars
  20:10  warning  'get_collapse_btn_element' is defined but never used  no-unused-vars
  29:10  warning  'hide_all_steps' is defined but never used            no-unused-vars
  31:9   warning  '$' is not defined                                    no-undef

/home/runner/work/exp-velocity-stream-iitb/exp-velocity-stream-iitb/experiment/simulation/common_libraries/js/ts_components/matrix.js
   27:26  warning  'MathJax' is not defined                                no-undef
   32:7   warning  'Matrix_Without_String' is defined but never used       no-unused-vars
   52:26  warning  'MathJax' is not defined                                no-undef
   56:10  warning  'get_matrix_html' is defined but never used             no-unused-vars
   87:13  warning  'row_html' is assigned a value but never used           no-unused-vars
   99:10  warning  'get_matrix_html_with_title' is defined but never used  no-unused-vars
  131:13  warning  'row_html' is assigned a value but never used           no-unused-vars
  143:10  warning  'convert_2d_to_1d_vector' is defined but never used     no-unused-vars
  156:10  warning  'convert_1d_to_2d_matrix' is defined but never used     no-unused-vars

/home/runner/work/exp-velocity-stream-iitb/exp-velocity-stream-iitb/experiment/simulation/common_libraries/js/ts_components/pannel.js
  8:7  warning  'Pannel' is defined but never used  no-unused-vars

/home/runner/work/exp-velocity-stream-iitb/exp-velocity-stream-iitb/experiment/simulation/common_libraries/js/ts_components/questions.js
   6:17  warning  'op1' is assigned a value but never used      no-unused-vars
   7:17  warning  'op2' is assigned a value but never used      no-unused-vars
   8:17  warning  'op3' is assigned a value but never used      no-unused-vars
   9:17  warning  'op4' is assigned a value but never used      no-unused-vars
  94:7   warning  'Question_Options' is defined but never used  no-unused-vars

/home/runner/work/exp-velocity-stream-iitb/exp-velocity-stream-iitb/experiment/simulation/common_libraries/js/ts_components/tables.js
   19:22  warning  'verify_values' is not defined                                     no-undef
  137:22  warning  'verify_values' is not defined                                     no-undef
  260:7   warning  'Verify_Rows_Cols_6_decimal_places' is defined but never used      no-unused-vars
  311:22  warning  'verify_values' is not defined                                     no-undef
  416:7   warning  'Verify_Rows_Cols_Custom_Fixed_Update1' is defined but never used  no-unused-vars
  468:7   warning  'Show_Table_Custom_Fixed' is defined but never used                no-unused-vars
  506:7   warning  'Verify_Rows_Cols_Strings' is defined but never used               no-unused-vars
  527:22  warning  'verify_values' is not defined                                     no-undef
  663:7   warning  'Display_Table' is defined but never used                          no-unused-vars

/home/runner/work/exp-velocity-stream-iitb/exp-velocity-stream-iitb/experiment/simulation/common_libraries/js/ts_math_library/general_math_functions.js
    1:10  warning  'verify_values' is defined but never used                   no-unused-vars
   17:10  warning  'random1' is defined but never used                         no-unused-vars
   21:10  warning  'std_deviation' is defined but never used                   no-unused-vars
   26:10  warning  'gauss' is defined but never used                           no-unused-vars
   56:10  warning  'hide_panel' is defined but never used                      no-unused-vars
   63:10  warning  'inverse_matrix' is defined but never used                  no-unused-vars
   96:10  warning  'matrix_multiplication' is defined but never used           no-unused-vars
  113:10  warning  'transpose_matrix' is defined but never used                no-unused-vars
  123:10  warning  'matrix_multiplication_8decimal' is defined but never used  no-unused-vars
  140:10  warning  'adjoint_2x2_matrix' is defined but never used              no-unused-vars
  145:10  warning  'find_deteminant' is defined but never used                 no-unused-vars
  174:10  warning  'get_Submatrix' is defined but never used                   no-unused-vars

/home/runner/work/exp-velocity-stream-iitb/exp-velocity-stream-iitb/experiment/simulation/common_libraries/js/ts_math_library/regression.js
   1:10  warning  'regression_linear' is defined but never used            no-unused-vars
  18:10  warning  'regression_linear_1variable' is defined but never used  no-unused-vars
  27:10  warning  'regression_linear_2variable' is defined but never used  no-unused-vars
  52:11  warning  'gauss' is not defined                                   no-undef

/home/runner/work/exp-velocity-stream-iitb/exp-velocity-stream-iitb/experiment/simulation/common_libraries/math.ob.js
  1:745  warning  'b' is already defined  no-redeclare

/home/runner/work/exp-velocity-stream-iitb/exp-velocity-stream-iitb/experiment/simulation/js/activity1.js
   14:9   warning  'MathJax' is not defined                     no-undef
   17:10  warning  'start_act1' is defined but never used       no-unused-vars
   20:20  warning  'get_collapse_btn_text' is not defined       no-undef
   33:44  warning  'x_a1' is not defined                        no-undef
   33:52  warning  'y_a1' is not defined                        no-undef
   39:42  warning  Unnecessary escape character: \∂             no-useless-escape
   49:39  warning  Unnecessary escape character: \∂             no-useless-escape
   62:9   warning  'MathJax' is not defined                     no-undef
   64:5   warning  'hide_all_steps' is not defined              no-undef
   66:9   warning  'show_step' is not defined                   no-undef
   69:10  warning  'verify_d_phi_a1' is defined but never used  no-unused-vars
   74:17  warning  'dx_a1' is not defined                       no-undef
   74:24  warning  'dy_a1' is not defined                       no-undef
   75:19  warning  'dx_a1' is not defined                       no-undef
   84:19  warning  'dy_a1' is not defined                       no-undef
   99:36  warning  Unnecessary escape character: \∂             no-useless-escape
   99:45  warning  'dx_a1' is not defined                       no-undef
  102:36  warning  Unnecessary escape character: \∂             no-useless-escape
  102:45  warning  'dy_a1' is not defined                       no-undef
  109:9   warning  'MathJax' is not defined                     no-undef
  112:10  warning  'load_u_v_div_a1' is defined but never used  no-unused-vars
  122:28  warning  Unnecessary escape character: \∂             no-useless-escape
  122:30  warning  Unnecessary escape character: \ϕ             no-useless-escape
  122:34  warning  Unnecessary escape character: \∂             no-useless-escape
  122:44  warning  'dx_a1' is not defined                       no-undef
  132:28  warning  Unnecessary escape character: \∂             no-useless-escape
  132:30  warning  Unnecessary escape character: \ϕ             no-useless-escape
  132:34  warning  Unnecessary escape character: \∂             no-useless-escape
  144:9   warning  'MathJax' is not defined                     no-undef
  147:10  warning  'verify_uv_a1' is defined but never used     no-unused-vars
  150:17  warning  'u_a1' is not defined                        no-undef
  150:23  warning  'v_a1' is not defined                        no-undef
  151:10  warning  'verify_values' is not defined               no-undef
  151:49  warning  'u_a1' is not defined                        no-undef
  160:10  warning  'verify_values' is not defined               no-undef
  160:49  warning  'v_a1' is not defined                        no-undef
  175:22  warning  Unnecessary escape character: \∂             no-useless-escape
  175:24  warning  Unnecessary escape character: \ϕ             no-useless-escape
  175:28  warning  Unnecessary escape character: \∂             no-useless-escape
  175:38  warning  'dx_a1' is not defined                       no-undef
  175:49  warning  'u_a1' is not defined                        no-undef
  178:22  warning  Unnecessary escape character: \∂             no-useless-escape
  178:24  warning  Unnecessary escape character: \ϕ             no-useless-escape
  178:28  warning  Unnecessary escape character: \∂             no-useless-escape
  178:43  warning  'v_a1' is not defined                        no-undef
  185:9   warning  'MathJax' is not defined                     no-undef

/home/runner/work/exp-velocity-stream-iitb/exp-velocity-stream-iitb/experiment/simulation/js/activity2.js
    1:10  warning  'activity2' is defined but never used                        no-unused-vars
    4:20  warning  'get_collapse_btn_text' is not defined                       no-undef
   20:42  warning  Unnecessary escape character: \∂                             no-useless-escape
   30:39  warning  Unnecessary escape character: \∂                             no-useless-escape
   41:5   warning  'maindiv' is not defined                                     no-undef
   43:9   warning  'MathJax' is not defined                                     no-undef
   45:5   warning  'hide_all_steps' is not defined                              no-undef
   47:9   warning  'show_step' is not defined                                   no-undef
   50:10  warning  'verify_d_psi_a2' is defined but never used                  no-unused-vars
   53:17  warning  'dx_a2' is not defined                                       no-undef
   53:24  warning  'dy_a2' is not defined                                       no-undef
   54:10  warning  'verify_values' is not defined                               no-undef
   54:50  warning  'dx_a2' is not defined                                       no-undef
   63:10  warning  'verify_values' is not defined                               no-undef
   63:50  warning  'dy_a2' is not defined                                       no-undef
   78:33  warning  Unnecessary escape character: \∂                             no-useless-escape
   78:42  warning  'dx_a2' is not defined                                       no-undef
   81:33  warning  Unnecessary escape character: \∂                             no-useless-escape
   81:42  warning  'dy_a2' is not defined                                       no-undef
   88:9   warning  'MathJax' is not defined                                     no-undef
   91:10  warning  'load_u_v_div_a2' is defined but never used                  no-unused-vars
  101:28  warning  Unnecessary escape character: \∂                             no-useless-escape
  101:30  warning  Unnecessary escape character: \ψ                             no-useless-escape
  101:34  warning  Unnecessary escape character: \∂                             no-useless-escape
  111:27  warning  Unnecessary escape character: \∂                             no-useless-escape
  111:29  warning  Unnecessary escape character: \ψ                             no-useless-escape
  111:33  warning  Unnecessary escape character: \∂                             no-useless-escape
  123:9   warning  'MathJax' is not defined                                     no-undef
  126:10  warning  'verify_uv_a2' is defined but never used                     no-unused-vars
  129:17  warning  'u_a2' is not defined                                        no-undef
  129:23  warning  'v_a2' is not defined                                        no-undef
  130:10  warning  'verify_values' is not defined                               no-undef
  130:49  warning  'u_a2' is not defined                                        no-undef
  139:10  warning  'verify_values' is not defined                               no-undef
  139:49  warning  'v_a2' is not defined                                        no-undef
  154:22  warning  Unnecessary escape character: \∂                             no-useless-escape
  154:31  warning  Unnecessary escape character: \∂                             no-useless-escape
  154:40  warning  'u_a2' is not defined                                        no-undef
  157:21  warning  Unnecessary escape character: \∂                             no-useless-escape
  157:30  warning  Unnecessary escape character: \∂                             no-useless-escape
  157:39  warning  'v_a2' is not defined                                        no-undef
  164:9   warning  'MathJax' is not defined                                     no-undef
  167:10  warning  'load_resultant_direction_div_a2' is defined but never used  no-unused-vars
  187:16  warning  Unnecessary escape character: \θ                             no-useless-escape
  199:9   warning  'MathJax' is not defined                                     no-undef
  202:10  warning  'verify_res_dir_a2' is defined but never used                no-unused-vars
  205:17  warning  'result' is not defined                                      no-undef
  205:25  warning  'dir' is not defined                                         no-undef
  206:10  warning  'verify_values' is not defined                               no-undef
  206:51  warning  'result' is not defined                                      no-undef
  215:10  warning  'verify_values' is not defined                               no-undef
  215:51  warning  'dir' is not defined                                         no-undef
  230:44  warning  'result' is not defined                                      no-undef
  233:10  warning  Unnecessary escape character: \θ                             no-useless-escape
  233:55  warning  'dir' is not defined                                         no-undef
  233:60  warning  Unnecessary escape character: \°                             no-useless-escape
  240:9   warning  'MathJax' is not defined                                     no-undef

/home/runner/work/exp-velocity-stream-iitb/exp-velocity-stream-iitb/experiment/simulation/js/activity3.js
    1:10  warning  'activity3' is defined but never used                no-unused-vars
    4:20  warning  'get_collapse_btn_text' is not defined               no-undef
   11:38  warning  'x_a3' is not defined                                no-undef
   11:46  warning  'y_a3' is not defined                                no-undef
   20:31  warning  Unnecessary escape character: \∂                     no-useless-escape
   20:33  warning  Unnecessary escape character: \ϕ                     no-useless-escape
   20:37  warning  Unnecessary escape character: \∂                     no-useless-escape
   30:31  warning  Unnecessary escape character: \∂                     no-useless-escape
   30:33  warning  Unnecessary escape character: \ϕ                     no-useless-escape
   30:37  warning  Unnecessary escape character: \∂                     no-useless-escape
   41:5   warning  'maindiv' is not defined                             no-undef
   43:9   warning  'MathJax' is not defined                             no-undef
   45:5   warning  'hide_all_steps' is not defined                      no-undef
   47:9   warning  'show_step' is not defined                           no-undef
   50:10  warning  'verify_uv_a3' is defined but never used             no-unused-vars
   55:17  warning  'u_a3' is not defined                                no-undef
   55:23  warning  'v_a3' is not defined                                no-undef
   56:18  warning  'u_a3' is not defined                                no-undef
   65:18  warning  'v_a3' is not defined                                no-undef
   80:25  warning  Unnecessary escape character: \∂                     no-useless-escape
   80:27  warning  Unnecessary escape character: \ϕ                     no-useless-escape
   80:31  warning  Unnecessary escape character: \∂                     no-useless-escape
   80:40  warning  'u_a3' is not defined                                no-undef
   83:25  warning  Unnecessary escape character: \∂                     no-useless-escape
   83:27  warning  Unnecessary escape character: \ϕ                     no-useless-escape
   83:31  warning  Unnecessary escape character: \∂                     no-useless-escape
   83:40  warning  'v_a3' is not defined                                no-undef
   90:9   warning  'MathJax' is not defined                             no-undef
   93:10  warning  'load_d_psi_div_a3' is defined but never used        no-unused-vars
  106:39  warning  Unnecessary escape character: \∂                     no-useless-escape
  116:39  warning  Unnecessary escape character: \∂                     no-useless-escape
  128:9   warning  'MathJax' is not defined                             no-undef
  131:10  warning  'verify_d_psi_a3' is defined but never used          no-unused-vars
  136:17  warning  'dy_a3' is not defined                               no-undef
  136:24  warning  'dx_a3' is not defined                               no-undef
  137:19  warning  'dy_a3' is not defined                               no-undef
  146:19  warning  'dx_a3' is not defined                               no-undef
  161:36  warning  Unnecessary escape character: \∂                     no-useless-escape
  161:50  warning  'dy_a3' is not defined                               no-undef
  164:36  warning  Unnecessary escape character: \∂                     no-useless-escape
  164:49  warning  'dx_a3' is not defined                               no-undef
  171:9   warning  'MathJax' is not defined                             no-undef
  174:10  warning  'load_integration_div_a3' is defined but never used  no-unused-vars
  184:10  warning  Unnecessary escape character: \∫                     no-useless-escape
  184:12  warning  Unnecessary escape character: \∂                     no-useless-escape
  184:14  warning  Unnecessary escape character: \ψ                     no-useless-escape
  184:19  warning  Unnecessary escape character: \∫                     no-useless-escape
  191:16  warning  Unnecessary escape character: \ψ                     no-useless-escape
  203:9   warning  'MathJax' is not defined                             no-undef
  206:10  warning  'verify_int_a3' is defined but never used            no-unused-vars
  209:17  warning  'psi1_a3' is not defined                             no-undef
  210:16  warning  'psi1_a3' is not defined                             no-undef
  225:13  warning  Unnecessary escape character: \ψ                     no-useless-escape
  225:20  warning  'psi1_a3' is not defined                             no-undef
  232:9   warning  'MathJax' is not defined                             no-undef
  235:10  warning  'load_diff_div_a3' is defined but never used         no-unused-vars
  246:17  warning  Unnecessary escape character: \∂                     no-useless-escape
  246:19  warning  Unnecessary escape character: \ψ                     no-useless-escape
  246:23  warning  Unnecessary escape character: \∂                     no-useless-escape
  246:37  warning  Unnecessary escape character: \∂                     no-useless-escape
  246:42  warning  Unnecessary escape character: \∂                     no-useless-escape
  254:17  warning  Unnecessary escape character: \∂                     no-useless-escape
  254:19  warning  Unnecessary escape character: \ψ                     no-useless-escape
  254:23  warning  Unnecessary escape character: \∂                     no-useless-escape
  261:16  warning  Unnecessary escape character: \∴                     no-useless-escape
  261:26  warning  Unnecessary escape character: \∂                     no-useless-escape
  261:31  warning  Unnecessary escape character: \∂                     no-useless-escape
  271:20  warning  Unnecessary escape character: \∫                     no-useless-escape
  281:16  warning  Unnecessary escape character: \∴                     no-useless-escape
  281:19  warning  Unnecessary escape character: \ψ                     no-useless-escape
  291:16  warning  Unnecessary escape character: \ψ                     no-useless-escape
  303:9   warning  'MathJax' is not defined                             no-undef
  306:10  warning  'verify_psi_p_a3' is defined but never used          no-unused-vars
  314:17  warning  'dx_a3' is not defined                               no-undef
  314:24  warning  'k_a3' is not defined                                no-undef
  315:17  warning  'psi2_a3' is not defined                             no-undef
  315:26  warning  'psi_p_a3' is not defined                            no-undef
  316:19  warning  'dx_a3' is not defined                               no-undef
  325:18  warning  'k_a3' is not defined                                no-undef
  334:21  warning  'psi2_a3' is not defined                             no-undef
  343:10  warning  'verify_values' is not defined                       no-undef
  343:53  warning  'psi_p_a3' is not defined                            no-undef
  358:10  warning  Unnecessary escape character: \∴                     no-useless-escape
  358:20  warning  Unnecessary escape character: \∂                     no-useless-escape
  358:25  warning  Unnecessary escape character: \∂                     no-useless-escape
  358:34  warning  'dx_a3' is not defined                               no-undef
  361:14  warning  Unnecessary escape character: \∫                     no-useless-escape
  361:26  warning  'k_a3' is not defined                                no-undef
  364:10  warning  Unnecessary escape character: \∴                     no-useless-escape
  364:13  warning  Unnecessary escape character: \ψ                     no-useless-escape
  364:20  warning  'psi2_a3' is not defined                             no-undef
  367:10  warning  Unnecessary escape character: \ψ                     no-useless-escape
  367:28  warning  'psi_p_a3' is not defined                            no-undef
  374:9   warning  'MathJax' is not defined                             no-undef
  377:10  warning  'exp_complete' is defined but never used             no-unused-vars

/home/runner/work/exp-velocity-stream-iitb/exp-velocity-stream-iitb/experiment/simulation/js/data.js
   4:5  warning  'dx_a1' is assigned a value but never used     no-unused-vars
   5:5  warning  'dy_a1' is assigned a value but never used     no-unused-vars
   6:5  warning  'u_a1' is assigned a value but never used      no-unused-vars
   7:5  warning  'v_a1' is assigned a value but never used      no-unused-vars
  13:5  warning  'result' is assigned a value but never used    no-unused-vars
  14:5  warning  'dir' is assigned a value but never used       no-unused-vars
  18:5  warning  'u_a3' is assigned a value but never used      no-unused-vars
  19:5  warning  'v_a3' is assigned a value but never used      no-unused-vars
  20:5  warning  'dy_a3' is assigned a value but never used     no-unused-vars
  21:5  warning  'dx_a3' is assigned a value but never used     no-unused-vars
  22:5  warning  'psi1_a3' is assigned a value but never used   no-unused-vars
  23:5  warning  'k_a3' is assigned a value but never used      no-unused-vars
  24:5  warning  'psi2_a3' is assigned a value but never used   no-unused-vars
  25:5  warning  'psi_p_a3' is assigned a value but never used  no-unused-vars

/home/runner/work/exp-velocity-stream-iitb/exp-velocity-stream-iitb/experiment/simulation/js/screen_size.js
  1:10  warning  'set_screen_size' is defined but never used  no-unused-vars

✖ 264 problems (0 errors, 264 warnings)

